<?xml version="1.0" encoding="UTF-8"?>
<!-- Generated by org.testng.reporters.JUnitXMLReporter -->
<testsuite hostname="DESKTOP-G59H6AO" name="Parallel Class Test" tests="18" failures="0" timestamp="10 Oct 2021 08:53:49 GMT" time="0.042" errors="0">
  <testcase name="testcase13" time="0.01" classname="com.parallelclasses.Class3"/>
  <testcase name="testcase1" time="0.01" classname="com.parallelclasses.Class1"/>
  <testcase name="testcase10" time="0.01" classname="com.parallelclasses.Class2"/>
  <testcase name="testcase14" time="0.001" classname="com.parallelclasses.Class3"/>
  <testcase name="testcase11" time="0.001" classname="com.parallelclasses.Class2"/>
  <testcase name="testcase2" time="0.0" classname="com.parallelclasses.Class1"/>
  <testcase name="testcase15" time="0.002" classname="com.parallelclasses.Class3"/>
  <testcase name="testcase16" time="0.001" classname="com.parallelclasses.Class3"/>
  <testcase name="testcase12" time="0.0" classname="com.parallelclasses.Class2"/>
  <testcase name="testcase3" time="0.003" classname="com.parallelclasses.Class1"/>
  <testcase name="testcase17" time="0.002" classname="com.parallelclasses.Class3"/>
  <testcase name="testcase4" time="0.001" classname="com.parallelclasses.Class1"/>
  <testcase name="testcase7" time="0.003" classname="com.parallelclasses.Class2"/>
  <testcase name="testcase5" time="0.001" classname="com.parallelclasses.Class1"/>
  <testcase name="testcase6" time="0.001" classname="com.parallelclasses.Class1"/>
  <testcase name="testcase8" time="0.001" classname="com.parallelclasses.Class2"/>
  <testcase name="testcase18" time="0.001" classname="com.parallelclasses.Class3"/>
  <testcase name="testcase9" time="0.0" classname="com.parallelclasses.Class2"/>
</testsuite> <!-- Parallel Class Test -->
