<?xml version="1.0" encoding="UTF-8"?>
<!-- Generated by org.testng.reporters.JUnitXMLReporter -->
<testsuite hostname="DESKTOP-G59H6AO" name="Parallel Methods Test" tests="6" failures="0" timestamp="10 Oct 2021 08:30:52 GMT" time="0.027" errors="0">
  <testcase name="testcase2" time="0.009" classname="com.parallelmethods.Class1"/>
  <testcase name="testcase1" time="0.01" classname="com.parallelmethods.Class1"/>
  <testcase name="testcase5" time="0.0" classname="com.parallelmethods.Class1"/>
  <testcase name="testcase4" time="0.002" classname="com.parallelmethods.Class1"/>
  <testcase name="testcase3" time="0.012" classname="com.parallelmethods.Class1"/>
  <testcase name="testcase6" time="0.001" classname="com.parallelmethods.Class1"/>
</testsuite> <!-- Parallel Methods Test -->
