<?xml version="1.0" encoding="UTF-8"?>
<testng-results skipped="0" failed="0" total="18" passed="18">
  <reporter-output>
  </reporter-output>
  <suite name="Parallee Classes Test Automation" duration-ms="79" started-at="2021-12-10T16:57:03Z" finished-at="2021-12-10T16:57:03Z">
    <groups>
    </groups>
    <test name="Parallee Classes Test" duration-ms="79" started-at="2021-12-10T16:57:03Z" finished-at="2021-12-10T16:57:03Z">
      <class name="com.parallelclasses.Class1">
        <test-method status="PASS" signature="testcase1()[pri:0, instance:com.parallelclasses.Class1@4678c730]" name="testcase1" duration-ms="0" started-at="2021-12-10T22:27:03Z" finished-at="2021-12-10T22:27:03Z">
          <reporter-output>
          </reporter-output>
        </test-method> <!-- testcase1 -->
        <test-method status="PASS" signature="testcase5()[pri:0, instance:com.parallelclasses.Class1@4678c730]" name="testcase5" duration-ms="0" started-at="2021-12-10T22:27:03Z" finished-at="2021-12-10T22:27:03Z">
          <reporter-output>
          </reporter-output>
        </test-method> <!-- testcase5 -->
        <test-method status="PASS" signature="testcase3()[pri:0, instance:com.parallelclasses.Class1@4678c730]" name="testcase3" duration-ms="0" started-at="2021-12-10T22:27:03Z" finished-at="2021-12-10T22:27:03Z">
          <reporter-output>
          </reporter-output>
        </test-method> <!-- testcase3 -->
        <test-method status="PASS" signature="testcase2()[pri:0, instance:com.parallelclasses.Class1@4678c730]" name="testcase2" duration-ms="0" started-at="2021-12-10T22:27:03Z" finished-at="2021-12-10T22:27:03Z">
          <reporter-output>
          </reporter-output>
        </test-method> <!-- testcase2 -->
        <test-method status="PASS" signature="testcase4()[pri:0, instance:com.parallelclasses.Class1@4678c730]" name="testcase4" duration-ms="0" started-at="2021-12-10T22:27:03Z" finished-at="2021-12-10T22:27:03Z">
          <reporter-output>
          </reporter-output>
        </test-method> <!-- testcase4 -->
        <test-method status="PASS" signature="testcase6()[pri:0, instance:com.parallelclasses.Class1@4678c730]" name="testcase6" duration-ms="0" started-at="2021-12-10T22:27:03Z" finished-at="2021-12-10T22:27:03Z">
          <reporter-output>
          </reporter-output>
        </test-method> <!-- testcase6 -->
      </class> <!-- com.parallelclasses.Class1 -->
      <class name="com.parallelclasses.Class3">
        <test-method status="PASS" signature="testcase13()[pri:0, instance:com.parallelclasses.Class3@cc285f4]" name="testcase13" duration-ms="0" started-at="2021-12-10T22:27:03Z" finished-at="2021-12-10T22:27:03Z">
          <reporter-output>
          </reporter-output>
        </test-method> <!-- testcase13 -->
        <test-method status="PASS" signature="testcase14()[pri:0, instance:com.parallelclasses.Class3@cc285f4]" name="testcase14" duration-ms="0" started-at="2021-12-10T22:27:03Z" finished-at="2021-12-10T22:27:03Z">
          <reporter-output>
          </reporter-output>
        </test-method> <!-- testcase14 -->
        <test-method status="PASS" signature="testcase18()[pri:0, instance:com.parallelclasses.Class3@cc285f4]" name="testcase18" duration-ms="16" started-at="2021-12-10T22:27:03Z" finished-at="2021-12-10T22:27:03Z">
          <reporter-output>
          </reporter-output>
        </test-method> <!-- testcase18 -->
        <test-method status="PASS" signature="testcase16()[pri:0, instance:com.parallelclasses.Class3@cc285f4]" name="testcase16" duration-ms="0" started-at="2021-12-10T22:27:03Z" finished-at="2021-12-10T22:27:03Z">
          <reporter-output>
          </reporter-output>
        </test-method> <!-- testcase16 -->
        <test-method status="PASS" signature="testcase17()[pri:0, instance:com.parallelclasses.Class3@cc285f4]" name="testcase17" duration-ms="0" started-at="2021-12-10T22:27:03Z" finished-at="2021-12-10T22:27:03Z">
          <reporter-output>
          </reporter-output>
        </test-method> <!-- testcase17 -->
        <test-method status="PASS" signature="testcase15()[pri:0, instance:com.parallelclasses.Class3@cc285f4]" name="testcase15" duration-ms="0" started-at="2021-12-10T22:27:03Z" finished-at="2021-12-10T22:27:03Z">
          <reporter-output>
          </reporter-output>
        </test-method> <!-- testcase15 -->
      </class> <!-- com.parallelclasses.Class3 -->
      <class name="com.parallelclasses.Class2">
        <test-method status="PASS" signature="testcase10()[pri:0, instance:com.parallelclasses.Class2@c038203]" name="testcase10" duration-ms="0" started-at="2021-12-10T22:27:03Z" finished-at="2021-12-10T22:27:03Z">
          <reporter-output>
          </reporter-output>
        </test-method> <!-- testcase10 -->
        <test-method status="PASS" signature="testcase11()[pri:0, instance:com.parallelclasses.Class2@c038203]" name="testcase11" duration-ms="0" started-at="2021-12-10T22:27:03Z" finished-at="2021-12-10T22:27:03Z">
          <reporter-output>
          </reporter-output>
        </test-method> <!-- testcase11 -->
        <test-method status="PASS" signature="testcase12()[pri:0, instance:com.parallelclasses.Class2@c038203]" name="testcase12" duration-ms="0" started-at="2021-12-10T22:27:03Z" finished-at="2021-12-10T22:27:03Z">
          <reporter-output>
          </reporter-output>
        </test-method> <!-- testcase12 -->
        <test-method status="PASS" signature="testcase7()[pri:0, instance:com.parallelclasses.Class2@c038203]" name="testcase7" duration-ms="0" started-at="2021-12-10T22:27:03Z" finished-at="2021-12-10T22:27:03Z">
          <reporter-output>
          </reporter-output>
        </test-method> <!-- testcase7 -->
        <test-method status="PASS" signature="testcase9()[pri:0, instance:com.parallelclasses.Class2@c038203]" name="testcase9" duration-ms="0" started-at="2021-12-10T22:27:03Z" finished-at="2021-12-10T22:27:03Z">
          <reporter-output>
          </reporter-output>
        </test-method> <!-- testcase9 -->
        <test-method status="PASS" signature="testcase8()[pri:0, instance:com.parallelclasses.Class2@c038203]" name="testcase8" duration-ms="0" started-at="2021-12-10T22:27:03Z" finished-at="2021-12-10T22:27:03Z">
          <reporter-output>
          </reporter-output>
        </test-method> <!-- testcase8 -->
      </class> <!-- com.parallelclasses.Class2 -->
    </test> <!-- Parallee Classes Test -->
  </suite> <!-- Parallee Classes Test Automation -->
</testng-results>
