<?xml version="1.0" encoding="UTF-8"?>
<!-- Generated by org.testng.reporters.JUnitXMLReporter -->
<testsuite hostname="DESKTOP-G59H6AO" name="Parallel Test" tests="6" failures="0" timestamp="9 Oct 2021 10:49:02 GMT" time="0.03" errors="0">
  <testcase name="newitemdisplay" time="0.005" classname="com.samplexml.Addcart"/>
  <testcase name="additem" time="0.0" classname="com.samplexml.Addcart"/>
  <testcase name="updatenew" time="0.005" classname="com.samplexml.Addcart"/>
  <testcase name="purches" time="0.0" classname="com.samplexml.Addcart"/>
  <testcase name="delete" time="0.0" classname="com.samplexml.Deletecart"/>
  <testcase name="update" time="0.005" classname="com.samplexml.Deletecart"/>
</testsuite> <!-- Parallel Test -->
