<?xml version="1.0" encoding="UTF-8"?>
<!-- Generated by org.testng.reporters.JUnitXMLReporter -->
<testsuite hostname="DESKTOP-G59H6AO" name="Parallee Classes Test" tests="18" failures="0" timestamp="10 Dec 2021 16:57:03 GMT" time="0.079" errors="0">
  <testcase name="testcase10" time="0.0" classname="com.parallelclasses.Class2"/>
  <testcase name="testcase1" time="0.0" classname="com.parallelclasses.Class1"/>
  <testcase name="testcase2" time="0.0" classname="com.parallelclasses.Class1"/>
  <testcase name="testcase11" time="0.0" classname="com.parallelclasses.Class2"/>
  <testcase name="testcase3" time="0.0" classname="com.parallelclasses.Class1"/>
  <testcase name="testcase4" time="0.0" classname="com.parallelclasses.Class1"/>
  <testcase name="testcase12" time="0.0" classname="com.parallelclasses.Class2"/>
  <testcase name="testcase5" time="0.0" classname="com.parallelclasses.Class1"/>
  <testcase name="testcase7" time="0.0" classname="com.parallelclasses.Class2"/>
  <testcase name="testcase6" time="0.0" classname="com.parallelclasses.Class1"/>
  <testcase name="testcase13" time="0.0" classname="com.parallelclasses.Class3"/>
  <testcase name="testcase14" time="0.0" classname="com.parallelclasses.Class3"/>
  <testcase name="testcase8" time="0.0" classname="com.parallelclasses.Class2"/>
  <testcase name="testcase15" time="0.0" classname="com.parallelclasses.Class3"/>
  <testcase name="testcase9" time="0.0" classname="com.parallelclasses.Class2"/>
  <testcase name="testcase16" time="0.0" classname="com.parallelclasses.Class3"/>
  <testcase name="testcase17" time="0.0" classname="com.parallelclasses.Class3"/>
  <testcase name="testcase18" time="0.016" classname="com.parallelclasses.Class3"/>
</testsuite> <!-- Parallee Classes Test -->
